Build started 7/1/2015 12:38:43 PM.
     1>Project "C:\Users\Jinyoung\Documents\Visual Studio 2013\Projects\ITBank_ServiceProgram\ITBank_ServiceProgram\ITBank_ServiceProgram.vcxproj" on node 2 (Build target(s)).
     1>ClCompile:
         C:\Program Files (x86)\Microsoft Visual Studio 12.0\VC\bin\CL.exe /c /ZI /nologo /W3 /WX- /sdl /Od /Oy- /D _MBCS /Gm /EHsc /RTC1 /MDd /GS /fp:precise /Zc:wchar_t /Zc:forScope /Fo"Debug\\" /Fd"Debug\vc120.pdb" /Gd /TC /analyze- /errorReport:prompt main.c
         main.c
     1>c:\users\jinyoung\documents\visual studio 2013\projects\itbank_serviceprogram\itbank_serviceprogram\main.c(14): warning C4005: 'DELETE' : macro redefinition
                 c:\program files (x86)\windows kits\8.1\include\um\winnt.h(9107) : see previous definition of 'DELETE'
     1>c:\users\jinyoung\documents\visual studio 2013\projects\itbank_serviceprogram\itbank_serviceprogram\main.c(60): warning C4566: character represented by universal-character-name '\uB9AC' cannot be represented in the current code page (1252)
     1>c:\users\jinyoung\documents\visual studio 2013\projects\itbank_serviceprogram\itbank_serviceprogram\main.c(60): warning C4566: character represented by universal-character-name '\uC2A4' cannot be represented in the current code page (1252)
     1>c:\users\jinyoung\documents\visual studio 2013\projects\itbank_serviceprogram\itbank_serviceprogram\main.c(60): warning C4566: character represented by universal-character-name '\uD2B8' cannot be represented in the current code page (1252)
     1>c:\users\jinyoung\documents\visual studio 2013\projects\itbank_serviceprogram\itbank_serviceprogram\main.c(60): warning C4566: character represented by universal-character-name '\uCD08' cannot be represented in the current code page (1252)
     1>c:\users\jinyoung\documents\visual studio 2013\projects\itbank_serviceprogram\itbank_serviceprogram\main.c(60): warning C4566: character represented by universal-character-name '\uAE30' cannot be represented in the current code page (1252)
     1>c:\users\jinyoung\documents\visual studio 2013\projects\itbank_serviceprogram\itbank_serviceprogram\main.c(60): warning C4566: character represented by universal-character-name '\uD654' cannot be represented in the current code page (1252)
     1>c:\users\jinyoung\documents\visual studio 2013\projects\itbank_serviceprogram\itbank_serviceprogram\main.c(60): warning C4566: character represented by universal-character-name '\uB97C' cannot be represented in the current code page (1252)
     1>c:\users\jinyoung\documents\visual studio 2013\projects\itbank_serviceprogram\itbank_serviceprogram\main.c(60): warning C4566: character represented by universal-character-name '\uC2E4' cannot be represented in the current code page (1252)
     1>c:\users\jinyoung\documents\visual studio 2013\projects\itbank_serviceprogram\itbank_serviceprogram\main.c(60): warning C4566: character represented by universal-character-name '\uD328' cannot be represented in the current code page (1252)
     1>c:\users\jinyoung\documents\visual studio 2013\projects\itbank_serviceprogram\itbank_serviceprogram\main.c(60): warning C4566: character represented by universal-character-name '\uD558' cannot be represented in the current code page (1252)
     1>c:\users\jinyoung\documents\visual studio 2013\projects\itbank_serviceprogram\itbank_serviceprogram\main.c(60): warning C4566: character represented by universal-character-name '\uC600' cannot be represented in the current code page (1252)
     1>c:\users\jinyoung\documents\visual studio 2013\projects\itbank_serviceprogram\itbank_serviceprogram\main.c(60): warning C4566: character represented by universal-character-name '\uC2B5' cannot be represented in the current code page (1252)
     1>c:\users\jinyoung\documents\visual studio 2013\projects\itbank_serviceprogram\itbank_serviceprogram\main.c(60): warning C4566: character represented by universal-character-name '\uB2C8' cannot be represented in the current code page (1252)
     1>c:\users\jinyoung\documents\visual studio 2013\projects\itbank_serviceprogram\itbank_serviceprogram\main.c(60): warning C4566: character represented by universal-character-name '\uB2E4' cannot be represented in the current code page (1252)
     1>c:\users\jinyoung\documents\visual studio 2013\projects\itbank_serviceprogram\itbank_serviceprogram\main.c(64): warning C4566: character represented by universal-character-name '\uACE0' cannot be represented in the current code page (1252)
     1>c:\users\jinyoung\documents\visual studio 2013\projects\itbank_serviceprogram\itbank_serviceprogram\main.c(64): warning C4566: character represented by universal-character-name '\uAC1D' cannot be represented in the current code page (1252)
     1>c:\users\jinyoung\documents\visual studio 2013\projects\itbank_serviceprogram\itbank_serviceprogram\main.c(64): warning C4566: character represented by universal-character-name '\uAD00' cannot be represented in the current code page (1252)
     1>c:\users\jinyoung\documents\visual studio 2013\projects\itbank_serviceprogram\itbank_serviceprogram\main.c(64): warning C4566: character represented by universal-character-name '\uB9AC' cannot be represented in the current code page (1252)
     1>c:\users\jinyoung\documents\visual studio 2013\projects\itbank_serviceprogram\itbank_serviceprogram\main.c(64): warning C4566: character represented by universal-character-name '\uD504' cannot be represented in the current code page (1252)
     1>c:\users\jinyoung\documents\visual studio 2013\projects\itbank_serviceprogram\itbank_serviceprogram\main.c(64): warning C4566: character represented by universal-character-name '\uB85C' cannot be represented in the current code page (1252)
     1>c:\users\jinyoung\documents\visual studio 2013\projects\itbank_serviceprogram\itbank_serviceprogram\main.c(64): warning C4566: character represented by universal-character-name '\uADF8' cannot be represented in the current code page (1252)
     1>c:\users\jinyoung\documents\visual studio 2013\projects\itbank_serviceprogram\itbank_serviceprogram\main.c(64): warning C4566: character represented by universal-character-name '\uB7A8' cannot be represented in the current code page (1252)
     1>c:\users\jinyoung\documents\visual studio 2013\projects\itbank_serviceprogram\itbank_serviceprogram\main.c(74): warning C4566: character represented by universal-character-name '\uACE0' cannot be represented in the current code page (1252)
     1>c:\users\jinyoung\documents\visual studio 2013\projects\itbank_serviceprogram\itbank_serviceprogram\main.c(74): warning C4566: character represented by universal-character-name '\uAC1D' cannot be represented in the current code page (1252)
     1>c:\users\jinyoung\documents\visual studio 2013\projects\itbank_serviceprogram\itbank_serviceprogram\main.c(74): warning C4566: character represented by universal-character-name '\uB4F1' cannot be represented in the current code page (1252)
     1>c:\users\jinyoung\documents\visual studio 2013\projects\itbank_serviceprogram\itbank_serviceprogram\main.c(74): warning C4566: character represented by universal-character-name '\uB85D' cannot be represented in the current code page (1252)
     1>c:\users\jinyoung\documents\visual studio 2013\projects\itbank_serviceprogram\itbank_serviceprogram\main.c(75): warning C4566: character represented by universal-character-name '\uACE0' cannot be represented in the current code page (1252)
     1>c:\users\jinyoung\documents\visual studio 2013\projects\itbank_serviceprogram\itbank_serviceprogram\main.c(75): warning C4566: character represented by universal-character-name '\uAC1D' cannot be represented in the current code page (1252)
     1>c:\users\jinyoung\documents\visual studio 2013\projects\itbank_serviceprogram\itbank_serviceprogram\main.c(75): warning C4566: character represented by universal-character-name '\uC218' cannot be represented in the current code page (1252)
     1>c:\users\jinyoung\documents\visual studio 2013\projects\itbank_serviceprogram\itbank_serviceprogram\main.c(75): warning C4566: character represented by universal-character-name '\uC815' cannot be represented in the current code page (1252)
     1>c:\users\jinyoung\documents\visual studio 2013\projects\itbank_serviceprogram\itbank_serviceprogram\main.c(76): warning C4566: character represented by universal-character-name '\uACE0' cannot be represented in the current code page (1252)
     1>c:\users\jinyoung\documents\visual studio 2013\projects\itbank_serviceprogram\itbank_serviceprogram\main.c(76): warning C4566: character represented by universal-character-name '\uAC1D' cannot be represented in the current code page (1252)
     1>c:\users\jinyoung\documents\visual studio 2013\projects\itbank_serviceprogram\itbank_serviceprogram\main.c(76): warning C4566: character represented by universal-character-name '\uC870' cannot be represented in the current code page (1252)
     1>c:\users\jinyoung\documents\visual studio 2013\projects\itbank_serviceprogram\itbank_serviceprogram\main.c(76): warning C4566: character represented by universal-character-name '\uD68C' cannot be represented in the current code page (1252)
     1>c:\users\jinyoung\documents\visual studio 2013\projects\itbank_serviceprogram\itbank_serviceprogram\main.c(77): warning C4566: character represented by universal-character-name '\uACE0' cannot be represented in the current code page (1252)
     1>c:\users\jinyoung\documents\visual studio 2013\projects\itbank_serviceprogram\itbank_serviceprogram\main.c(77): warning C4566: character represented by universal-character-name '\uAC1D' cannot be represented in the current code page (1252)
     1>c:\users\jinyoung\documents\visual studio 2013\projects\itbank_serviceprogram\itbank_serviceprogram\main.c(77): warning C4566: character represented by universal-character-name '\uC0AD' cannot be represented in the current code page (1252)
     1>c:\users\jinyoung\documents\visual studio 2013\projects\itbank_serviceprogram\itbank_serviceprogram\main.c(77): warning C4566: character represented by universal-character-name '\uC81C' cannot be represented in the current code page (1252)
     1>c:\users\jinyoung\documents\visual studio 2013\projects\itbank_serviceprogram\itbank_serviceprogram\main.c(78): warning C4566: character represented by universal-character-name '\uC804' cannot be represented in the current code page (1252)
     1>c:\users\jinyoung\documents\visual studio 2013\projects\itbank_serviceprogram\itbank_serviceprogram\main.c(78): warning C4566: character represented by universal-character-name '\uCCB4' cannot be represented in the current code page (1252)
     1>c:\users\jinyoung\documents\visual studio 2013\projects\itbank_serviceprogram\itbank_serviceprogram\main.c(78): warning C4566: character represented by universal-character-name '\uC870' cannot be represented in the current code page (1252)
     1>c:\users\jinyoung\documents\visual studio 2013\projects\itbank_serviceprogram\itbank_serviceprogram\main.c(78): warning C4566: character represented by universal-character-name '\uD68C' cannot be represented in the current code page (1252)
     1>c:\users\jinyoung\documents\visual studio 2013\projects\itbank_serviceprogram\itbank_serviceprogram\main.c(79): warning C4566: character represented by universal-character-name '\uD504' cannot be represented in the current code page (1252)
     1>c:\users\jinyoung\documents\visual studio 2013\projects\itbank_serviceprogram\itbank_serviceprogram\main.c(79): warning C4566: character represented by universal-character-name '\uB85C' cannot be represented in the current code page (1252)
     1>c:\users\jinyoung\documents\visual studio 2013\projects\itbank_serviceprogram\itbank_serviceprogram\main.c(79): warning C4566: character represented by universal-character-name '\uADF8' cannot be represented in the current code page (1252)
     1>c:\users\jinyoung\documents\visual studio 2013\projects\itbank_serviceprogram\itbank_serviceprogram\main.c(79): warning C4566: character represented by universal-character-name '\uB7A8' cannot be represented in the current code page (1252)
     1>c:\users\jinyoung\documents\visual studio 2013\projects\itbank_serviceprogram\itbank_serviceprogram\main.c(79): warning C4566: character represented by universal-character-name '\uC885' cannot be represented in the current code page (1252)
     1>c:\users\jinyoung\documents\visual studio 2013\projects\itbank_serviceprogram\itbank_serviceprogram\main.c(79): warning C4566: character represented by universal-character-name '\uB8CC' cannot be represented in the current code page (1252)
     1>c:\users\jinyoung\documents\visual studio 2013\projects\itbank_serviceprogram\itbank_serviceprogram\main.c(90): warning C4566: character represented by universal-character-name '\uACE0' cannot be represented in the current code page (1252)
     1>c:\users\jinyoung\documents\visual studio 2013\projects\itbank_serviceprogram\itbank_serviceprogram\main.c(90): warning C4566: character represented by universal-character-name '\uAC1D' cannot be represented in the current code page (1252)
     1>c:\users\jinyoung\documents\visual studio 2013\projects\itbank_serviceprogram\itbank_serviceprogram\main.c(90): warning C4566: character represented by universal-character-name '\uB2D8' cannot be represented in the current code page (1252)
     1>c:\users\jinyoung\documents\visual studio 2013\projects\itbank_serviceprogram\itbank_serviceprogram\main.c(90): warning C4566: character represented by universal-character-name '\uC758' cannot be represented in the current code page (1252)
     1>c:\users\jinyoung\documents\visual studio 2013\projects\itbank_serviceprogram\itbank_serviceprogram\main.c(90): warning C4566: character represented by universal-character-name '\uC815' cannot be represented in the current code page (1252)
     1>c:\users\jinyoung\documents\visual studio 2013\projects\itbank_serviceprogram\itbank_serviceprogram\main.c(90): warning C4566: character represented by universal-character-name '\uBCF4' cannot be represented in the current code page (1252)
     1>c:\users\jinyoung\documents\visual studio 2013\projects\itbank_serviceprogram\itbank_serviceprogram\main.c(90): warning C4566: character represented by universal-character-name '\uB97C' cannot be represented in the current code page (1252)
     1>c:\users\jinyoung\documents\visual studio 2013\projects\itbank_serviceprogram\itbank_serviceprogram\main.c(90): warning C4566: character represented by universal-character-name '\uC785' cannot be represented in the current code page (1252)
     1>c:\users\jinyoung\documents\visual studio 2013\projects\itbank_serviceprogram\itbank_serviceprogram\main.c(90): warning C4566: character represented by universal-character-name '\uB825' cannot be represented in the current code page (1252)
     1>c:\users\jinyoung\documents\visual studio 2013\projects\itbank_serviceprogram\itbank_serviceprogram\main.c(90): warning C4566: character represented by universal-character-name '\uD574' cannot be represented in the current code page (1252)
     1>c:\users\jinyoung\documents\visual studio 2013\projects\itbank_serviceprogram\itbank_serviceprogram\main.c(90): warning C4566: character represented by universal-character-name '\uC8FC' cannot be represented in the current code page (1252)
     1>c:\users\jinyoung\documents\visual studio 2013\projects\itbank_serviceprogram\itbank_serviceprogram\main.c(90): warning C4566: character represented by universal-character-name '\uC2ED' cannot be represented in the current code page (1252)
     1>c:\users\jinyoung\documents\visual studio 2013\projects\itbank_serviceprogram\itbank_serviceprogram\main.c(90): warning C4566: character represented by universal-character-name '\uC2DC' cannot be represented in the current code page (1252)
     1>c:\users\jinyoung\documents\visual studio 2013\projects\itbank_serviceprogram\itbank_serviceprogram\main.c(90): warning C4566: character represented by universal-character-name '\uC624' cannot be represented in the current code page (1252)
     1>c:\users\jinyoung\documents\visual studio 2013\projects\itbank_serviceprogram\itbank_serviceprogram\main.c(93): warning C4566: character represented by universal-character-name '\uC8FC' cannot be represented in the current code page (1252)
     1>c:\users\jinyoung\documents\visual studio 2013\projects\itbank_serviceprogram\itbank_serviceprogram\main.c(93): warning C4566: character represented by universal-character-name '\uBBFC' cannot be represented in the current code page (1252)
     1>c:\users\jinyoung\documents\visual studio 2013\projects\itbank_serviceprogram\itbank_serviceprogram\main.c(93): warning C4566: character represented by universal-character-name '\uB4F1' cannot be represented in the current code page (1252)
     1>c:\users\jinyoung\documents\visual studio 2013\projects\itbank_serviceprogram\itbank_serviceprogram\main.c(93): warning C4566: character represented by universal-character-name '\uB85D' cannot be represented in the current code page (1252)
     1>c:\users\jinyoung\documents\visual studio 2013\projects\itbank_serviceprogram\itbank_serviceprogram\main.c(93): warning C4566: character represented by universal-character-name '\uBC88' cannot be represented in the current code page (1252)
     1>c:\users\jinyoung\documents\visual studio 2013\projects\itbank_serviceprogram\itbank_serviceprogram\main.c(93): warning C4566: character represented by universal-character-name '\uD638' cannot be represented in the current code page (1252)
     1>c:\users\jinyoung\documents\visual studio 2013\projects\itbank_serviceprogram\itbank_serviceprogram\main.c(96): warning C4566: character represented by universal-character-name '\uC131' cannot be represented in the current code page (1252)
     1>c:\users\jinyoung\documents\visual studio 2013\projects\itbank_serviceprogram\itbank_serviceprogram\main.c(96): warning C4566: character represented by universal-character-name '\uD568' cannot be represented in the current code page (1252)
     1>c:\users\jinyoung\documents\visual studio 2013\projects\itbank_serviceprogram\itbank_serviceprogram\main.c(96): warning C4566: character represented by universal-character-name '\uC608' cannot be represented in the current code page (1252)
     1>c:\users\jinyoung\documents\visual studio 2013\projects\itbank_serviceprogram\itbank_serviceprogram\main.c(96): warning C4566: character represented by universal-character-name '\uD64D' cannot be represented in the current code page (1252)
     1>c:\users\jinyoung\documents\visual studio 2013\projects\itbank_serviceprogram\itbank_serviceprogram\main.c(96): warning C4566: character represented by universal-character-name '\uAE38' cannot be represented in the current code page (1252)
     1>c:\users\jinyoung\documents\visual studio 2013\projects\itbank_serviceprogram\itbank_serviceprogram\main.c(96): warning C4566: character represented by universal-character-name '\uB3D9' cannot be represented in the current code page (1252)
     1>c:\users\jinyoung\documents\visual studio 2013\projects\itbank_serviceprogram\itbank_serviceprogram\main.c(98): warning C4566: character represented by universal-character-name '\uC5F0' cannot be represented in the current code page (1252)
     1>c:\users\jinyoung\documents\visual studio 2013\projects\itbank_serviceprogram\itbank_serviceprogram\main.c(98): warning C4566: character represented by universal-character-name '\uC138' cannot be represented in the current code page (1252)
     1>c:\users\jinyoung\documents\visual studio 2013\projects\itbank_serviceprogram\itbank_serviceprogram\main.c(98): warning C4566: character represented by universal-character-name '\uC608' cannot be represented in the current code page (1252)
     1>c:\users\jinyoung\documents\visual studio 2013\projects\itbank_serviceprogram\itbank_serviceprogram\main.c(101): warning C4566: character represented by universal-character-name '\uC804' cannot be represented in the current code page (1252)
     1>c:\users\jinyoung\documents\visual studio 2013\projects\itbank_serviceprogram\itbank_serviceprogram\main.c(101): warning C4566: character represented by universal-character-name '\uD654' cannot be represented in the current code page (1252)
     1>c:\users\jinyoung\documents\visual studio 2013\projects\itbank_serviceprogram\itbank_serviceprogram\main.c(101): warning C4566: character represented by universal-character-name '\uBC88' cannot be represented in the current code page (1252)
     1>c:\users\jinyoung\documents\visual studio 2013\projects\itbank_serviceprogram\itbank_serviceprogram\main.c(101): warning C4566: character represented by universal-character-name '\uD638' cannot be represented in the current code page (1252)
     1>c:\users\jinyoung\documents\visual studio 2013\projects\itbank_serviceprogram\itbank_serviceprogram\main.c(105): warning C4566: character represented by universal-character-name '\uACE0' cannot be represented in the current code page (1252)
     1>c:\users\jinyoung\documents\visual studio 2013\projects\itbank_serviceprogram\itbank_serviceprogram\main.c(105): warning C4566: character represented by universal-character-name '\uAC1D' cannot be represented in the current code page (1252)
     1>c:\users\jinyoung\documents\visual studio 2013\projects\itbank_serviceprogram\itbank_serviceprogram\main.c(105): warning C4566: character represented by universal-character-name '\uB2D8' cannot be represented in the current code page (1252)
     1>c:\users\jinyoung\documents\visual studio 2013\projects\itbank_serviceprogram\itbank_serviceprogram\main.c(105): warning C4566: character represented by universal-character-name '\uC758' cannot be represented in the current code page (1252)
     1>c:\users\jinyoung\documents\visual studio 2013\projects\itbank_serviceprogram\itbank_serviceprogram\main.c(105): warning C4566: character represented by universal-character-name '\uC815' cannot be represented in the current code page (1252)
     1>c:\users\jinyoung\documents\visual studio 2013\projects\itbank_serviceprogram\itbank_serviceprogram\main.c(105): warning C4566: character represented by universal-character-name '\uBCF4' cannot be represented in the current code page (1252)
     1>c:\users\jinyoung\documents\visual studio 2013\projects\itbank_serviceprogram\itbank_serviceprogram\main.c(105): warning C4566: character represented by universal-character-name '\uAC00' cannot be represented in the current code page (1252)
     1>c:\users\jinyoung\documents\visual studio 2013\projects\itbank_serviceprogram\itbank_serviceprogram\main.c(105): warning C4566: character represented by universal-character-name '\uC62C' cannot be represented in the current code page (1252)
     1>c:\users\jinyoung\documents\visual studio 2013\projects\itbank_serviceprogram\itbank_serviceprogram\main.c(105): warning C4566: character represented by universal-character-name '\uBC14' cannot be represented in the current code page (1252)
     1>c:\users\jinyoung\documents\visual studio 2013\projects\itbank_serviceprogram\itbank_serviceprogram\main.c(105): warning C4566: character represented by universal-character-name '\uB974' cannot be represented in the current code page (1252)
     1>c:\users\jinyoung\documents\visual studio 2013\projects\itbank_serviceprogram\itbank_serviceprogram\main.c(105): warning C4566: character represented by universal-character-name '\uC9C0' cannot be represented in the current code page (1252)
     1>c:\users\jinyoung\documents\visual studio 2013\projects\itbank_serviceprogram\itbank_serviceprogram\main.c(105): warning C4566: character represented by universal-character-name '\uC54A' cannot be represented in the current code page (1252)
     1>c:\users\jinyoung\documents\visual studio 2013\projects\itbank_serviceprogram\itbank_serviceprogram\main.c(105): warning C4566: character represented by universal-character-name '\uC544' cannot be represented in the current code page (1252)
     1>c:\users\jinyoung\documents\visual studio 2013\projects\itbank_serviceprogram\itbank_serviceprogram\main.c(105): warning C4566: character represented by universal-character-name '\uB4F1' cannot be represented in the current code page (1252)
     1>c:\users\jinyoung\documents\visual studio 2013\projects\itbank_serviceprogram\itbank_serviceprogram\main.c(105): warning C4566: character represented by universal-character-name '\uB85D' cannot be represented in the current code page (1252)
     1>c:\users\jinyoung\documents\visual studio 2013\projects\itbank_serviceprogram\itbank_serviceprogram\main.c(105): warning C4566: character represented by universal-character-name '\uC774' cannot be represented in the current code page (1252)
     1>c:\users\jinyoung\documents\visual studio 2013\projects\itbank_serviceprogram\itbank_serviceprogram\main.c(105): warning C4566: character represented by universal-character-name '\uC2E4' cannot be represented in the current code page (1252)
     1>c:\users\jinyoung\documents\visual studio 2013\projects\itbank_serviceprogram\itbank_serviceprogram\main.c(105): warning C4566: character represented by universal-character-name '\uD328' cannot be represented in the current code page (1252)
     1>c:\users\jinyoung\documents\visual studio 2013\projects\itbank_serviceprogram\itbank_serviceprogram\main.c(105): warning C4566: character represented by universal-character-name '\uD558' cannot be represented in the current code page (1252)
     1>c:\users\jinyoung\documents\visual studio 2013\projects\itbank_serviceprogram\itbank_serviceprogram\main.c(105): warning C4566: character represented by universal-character-name '\uC600' cannot be represented in the current code page (1252)
     1>c:\users\jinyoung\documents\visual studio 2013\projects\itbank_serviceprogram\itbank_serviceprogram\main.c(105): warning C4566: character represented by universal-character-name '\uC2B5' cannot be represented in the current code page (1252)
     1>c:\users\jinyoung\documents\visual studio 2013\projects\itbank_serviceprogram\itbank_serviceprogram\main.c(105): warning C4566: character represented by universal-character-name '\uB2C8' cannot be represented in the current code page (1252)
     1>c:\users\jinyoung\documents\visual studio 2013\projects\itbank_serviceprogram\itbank_serviceprogram\main.c(105): warning C4566: character represented by universal-character-name '\uB2E4' cannot be represented in the current code page (1252)
     1>c:\users\jinyoung\documents\visual studio 2013\projects\itbank_serviceprogram\itbank_serviceprogram\main.c(110): warning C4566: character represented by universal-character-name '\uD568' cannot be represented in the current code page (1252)
     1>c:\users\jinyoung\documents\visual studio 2013\projects\itbank_serviceprogram\itbank_serviceprogram\main.c(110): warning C4566: character represented by universal-character-name '\uC218' cannot be represented in the current code page (1252)
     1>c:\users\jinyoung\documents\visual studio 2013\projects\itbank_serviceprogram\itbank_serviceprogram\main.c(110): warning C4566: character represented by universal-character-name '\uC5D0' cannot be represented in the current code page (1252)
     1>c:\users\jinyoung\documents\visual studio 2013\projects\itbank_serviceprogram\itbank_serviceprogram\main.c(110): warning C4566: character represented by universal-character-name '\uC11C' cannot be represented in the current code page (1252)
     1>c:\users\jinyoung\documents\visual studio 2013\projects\itbank_serviceprogram\itbank_serviceprogram\main.c(110): warning C4566: character represented by universal-character-name '\uB7EC' cannot be represented in the current code page (1252)
     1>c:\users\jinyoung\documents\visual studio 2013\projects\itbank_serviceprogram\itbank_serviceprogram\main.c(110): warning C4566: character represented by universal-character-name '\uAC00' cannot be represented in the current code page (1252)
     1>c:\users\jinyoung\documents\visual studio 2013\projects\itbank_serviceprogram\itbank_serviceprogram\main.c(110): warning C4566: character represented by universal-character-name '\uBC1C' cannot be represented in the current code page (1252)
     1>c:\users\jinyoung\documents\visual studio 2013\projects\itbank_serviceprogram\itbank_serviceprogram\main.c(110): warning C4566: character represented by universal-character-name '\uC0DD' cannot be represented in the current code page (1252)
     1>c:\users\jinyoung\documents\visual studio 2013\projects\itbank_serviceprogram\itbank_serviceprogram\main.c(110): warning C4566: character represented by universal-character-name '\uD558' cannot be represented in the current code page (1252)
     1>c:\users\jinyoung\documents\visual studio 2013\projects\itbank_serviceprogram\itbank_serviceprogram\main.c(110): warning C4566: character represented by universal-character-name '\uC600' cannot be represented in the current code page (1252)
     1>c:\users\jinyoung\documents\visual studio 2013\projects\itbank_serviceprogram\itbank_serviceprogram\main.c(110): warning C4566: character represented by universal-character-name '\uC2B5' cannot be represented in the current code page (1252)
     1>c:\users\jinyoung\documents\visual studio 2013\projects\itbank_serviceprogram\itbank_serviceprogram\main.c(110): warning C4566: character represented by universal-character-name '\uB2C8' cannot be represented in the current code page (1252)
     1>c:\users\jinyoung\documents\visual studio 2013\projects\itbank_serviceprogram\itbank_serviceprogram\main.c(110): warning C4566: character represented by universal-character-name '\uB2E4' cannot be represented in the current code page (1252)
     1>c:\users\jinyoung\documents\visual studio 2013\projects\itbank_serviceprogram\itbank_serviceprogram\main.c(113): warning C4566: character represented by universal-character-name '\uB4F1' cannot be represented in the current code page (1252)
     1>c:\users\jinyoung\documents\visual studio 2013\projects\itbank_serviceprogram\itbank_serviceprogram\main.c(113): warning C4566: character represented by universal-character-name '\uB85D' cannot be represented in the current code page (1252)
     1>c:\users\jinyoung\documents\visual studio 2013\projects\itbank_serviceprogram\itbank_serviceprogram\main.c(113): warning C4566: character represented by universal-character-name '\uC744' cannot be represented in the current code page (1252)
     1>c:\users\jinyoung\documents\visual studio 2013\projects\itbank_serviceprogram\itbank_serviceprogram\main.c(113): warning C4566: character represented by universal-character-name '\uC131' cannot be represented in the current code page (1252)
     1>c:\users\jinyoung\documents\visual studio 2013\projects\itbank_serviceprogram\itbank_serviceprogram\main.c(113): warning C4566: character represented by universal-character-name '\uACF5' cannot be represented in the current code page (1252)
     1>c:\users\jinyoung\documents\visual studio 2013\projects\itbank_serviceprogram\itbank_serviceprogram\main.c(113): warning C4566: character represented by universal-character-name '\uD558' cannot be represented in the current code page (1252)
     1>c:\users\jinyoung\documents\visual studio 2013\projects\itbank_serviceprogram\itbank_serviceprogram\main.c(113): warning C4566: character represented by universal-character-name '\uC600' cannot be represented in the current code page (1252)
     1>c:\users\jinyoung\documents\visual studio 2013\projects\itbank_serviceprogram\itbank_serviceprogram\main.c(113): warning C4566: character represented by universal-character-name '\uC2B5' cannot be represented in the current code page (1252)
     1>c:\users\jinyoung\documents\visual studio 2013\projects\itbank_serviceprogram\itbank_serviceprogram\main.c(113): warning C4566: character represented by universal-character-name '\uB2C8' cannot be represented in the current code page (1252)
     1>c:\users\jinyoung\documents\visual studio 2013\projects\itbank_serviceprogram\itbank_serviceprogram\main.c(113): warning C4566: character represented by universal-character-name '\uB2E4' cannot be represented in the current code page (1252)
     1>c:\users\jinyoung\documents\visual studio 2013\projects\itbank_serviceprogram\itbank_serviceprogram\main.c(117): warning C4566: character represented by universal-character-name '\uBB34' cannot be represented in the current code page (1252)
     1>c:\users\jinyoung\documents\visual studio 2013\projects\itbank_serviceprogram\itbank_serviceprogram\main.c(117): warning C4566: character represented by universal-character-name '\uC5C7' cannot be represented in the current code page (1252)
     1>c:\users\jinyoung\documents\visual studio 2013\projects\itbank_serviceprogram\itbank_serviceprogram\main.c(117): warning C4566: character represented by universal-character-name '\uC744' cannot be represented in the current code page (1252)
     1>c:\users\jinyoung\documents\visual studio 2013\projects\itbank_serviceprogram\itbank_serviceprogram\main.c(117): warning C4566: character represented by universal-character-name '\uD558' cannot be represented in the current code page (1252)
     1>c:\users\jinyoung\documents\visual studio 2013\projects\itbank_serviceprogram\itbank_serviceprogram\main.c(117): warning C4566: character represented by universal-character-name '\uC2DC' cannot be represented in the current code page (1252)
     1>c:\users\jinyoung\documents\visual studio 2013\projects\itbank_serviceprogram\itbank_serviceprogram\main.c(117): warning C4566: character represented by universal-character-name '\uACA0' cannot be represented in the current code page (1252)
     1>c:\users\jinyoung\documents\visual studio 2013\projects\itbank_serviceprogram\itbank_serviceprogram\main.c(117): warning C4566: character represented by universal-character-name '\uC2B5' cannot be represented in the current code page (1252)
     1>c:\users\jinyoung\documents\visual studio 2013\projects\itbank_serviceprogram\itbank_serviceprogram\main.c(117): warning C4566: character represented by universal-character-name '\uB2C8' cannot be represented in the current code page (1252)
     1>c:\users\jinyoung\documents\visual studio 2013\projects\itbank_serviceprogram\itbank_serviceprogram\main.c(117): warning C4566: character represented by universal-character-name '\uAE4C' cannot be represented in the current code page (1252)
     1>c:\users\jinyoung\documents\visual studio 2013\projects\itbank_serviceprogram\itbank_serviceprogram\main.c(117): warning C4566: character represented by universal-character-name '\uB2E4' cannot be represented in the current code page (1252)
     1>c:\users\jinyoung\documents\visual studio 2013\projects\itbank_serviceprogram\itbank_serviceprogram\main.c(117): warning C4566: character represented by universal-character-name '\uB4F1' cannot be represented in the current code page (1252)
     1>c:\users\jinyoung\documents\visual studio 2013\projects\itbank_serviceprogram\itbank_serviceprogram\main.c(117): warning C4566: character represented by universal-character-name '\uB85D' cannot be represented in the current code page (1252)
     1>c:\users\jinyoung\documents\visual studio 2013\projects\itbank_serviceprogram\itbank_serviceprogram\main.c(117): warning C4566: character represented by universal-character-name '\uBA54' cannot be represented in the current code page (1252)
     1>c:\users\jinyoung\documents\visual studio 2013\projects\itbank_serviceprogram\itbank_serviceprogram\main.c(117): warning C4566: character represented by universal-character-name '\uC778' cannot be represented in the current code page (1252)
     1>c:\users\jinyoung\documents\visual studio 2013\projects\itbank_serviceprogram\itbank_serviceprogram\main.c(117): warning C4566: character represented by universal-character-name '\uB274' cannot be represented in the current code page (1252)
     1>c:\users\jinyoung\documents\visual studio 2013\projects\itbank_serviceprogram\itbank_serviceprogram\main.c(117): warning C4566: character represented by universal-character-name '\uB85C' cannot be represented in the current code page (1252)
     1>c:\users\jinyoung\documents\visual studio 2013\projects\itbank_serviceprogram\itbank_serviceprogram\main.c(126): warning C4566: character represented by universal-character-name '\uC798' cannot be represented in the current code page (1252)
     1>c:\users\jinyoung\documents\visual studio 2013\projects\itbank_serviceprogram\itbank_serviceprogram\main.c(126): warning C4566: character represented by universal-character-name '\uBABB' cannot be represented in the current code page (1252)
     1>c:\users\jinyoung\documents\visual studio 2013\projects\itbank_serviceprogram\itbank_serviceprogram\main.c(126): warning C4566: character represented by universal-character-name '\uC785' cannot be represented in the current code page (1252)
     1>c:\users\jinyoung\documents\visual studio 2013\projects\itbank_serviceprogram\itbank_serviceprogram\main.c(126): warning C4566: character represented by universal-character-name '\uB825' cannot be represented in the current code page (1252)
     1>c:\users\jinyoung\documents\visual studio 2013\projects\itbank_serviceprogram\itbank_serviceprogram\main.c(126): warning C4566: character represented by universal-character-name '\uD558' cannot be represented in the current code page (1252)
     1>c:\users\jinyoung\documents\visual studio 2013\projects\itbank_serviceprogram\itbank_serviceprogram\main.c(126): warning C4566: character represented by universal-character-name '\uC168' cannot be represented in the current code page (1252)
     1>c:\users\jinyoung\documents\visual studio 2013\projects\itbank_serviceprogram\itbank_serviceprogram\main.c(126): warning C4566: character represented by universal-character-name '\uC2B5' cannot be represented in the current code page (1252)
     1>c:\users\jinyoung\documents\visual studio 2013\projects\itbank_serviceprogram\itbank_serviceprogram\main.c(126): warning C4566: character represented by universal-character-name '\uB2C8' cannot be represented in the current code page (1252)
     1>c:\users\jinyoung\documents\visual studio 2013\projects\itbank_serviceprogram\itbank_serviceprogram\main.c(126): warning C4566: character represented by universal-character-name '\uB2E4' cannot be represented in the current code page (1252)
     1>c:\users\jinyoung\documents\visual studio 2013\projects\itbank_serviceprogram\itbank_serviceprogram\main.c(126): warning C4566: character represented by universal-character-name '\uC2DC' cannot be represented in the current code page (1252)
     1>c:\users\jinyoung\documents\visual studio 2013\projects\itbank_serviceprogram\itbank_serviceprogram\main.c(126): warning C4566: character represented by universal-character-name '\uD574' cannot be represented in the current code page (1252)
     1>c:\users\jinyoung\documents\visual studio 2013\projects\itbank_serviceprogram\itbank_serviceprogram\main.c(126): warning C4566: character represented by universal-character-name '\uC8FC' cannot be represented in the current code page (1252)
     1>c:\users\jinyoung\documents\visual studio 2013\projects\itbank_serviceprogram\itbank_serviceprogram\main.c(126): warning C4566: character represented by universal-character-name '\uC138' cannot be represented in the current code page (1252)
     1>c:\users\jinyoung\documents\visual studio 2013\projects\itbank_serviceprogram\itbank_serviceprogram\main.c(126): warning C4566: character represented by universal-character-name '\uC694' cannot be represented in the current code page (1252)
     1>c:\users\jinyoung\documents\visual studio 2013\projects\itbank_serviceprogram\itbank_serviceprogram\main.c(135): warning C4566: character represented by universal-character-name '\uC8FC' cannot be represented in the current code page (1252)
     1>c:\users\jinyoung\documents\visual studio 2013\projects\itbank_serviceprogram\itbank_serviceprogram\main.c(135): warning C4566: character represented by universal-character-name '\uBBFC' cannot be represented in the current code page (1252)
     1>c:\users\jinyoung\documents\visual studio 2013\projects\itbank_serviceprogram\itbank_serviceprogram\main.c(135): warning C4566: character represented by universal-character-name '\uB4F1' cannot be represented in the current code page (1252)
     1>c:\users\jinyoung\documents\visual studio 2013\projects\itbank_serviceprogram\itbank_serviceprogram\main.c(135): warning C4566: character represented by universal-character-name '\uB85D' cannot be represented in the current code page (1252)
     1>c:\users\jinyoung\documents\visual studio 2013\projects\itbank_serviceprogram\itbank_serviceprogram\main.c(135): warning C4566: character represented by universal-character-name '\uBC88' cannot be represented in the current code page (1252)
     1>c:\users\jinyoung\documents\visual studio 2013\projects\itbank_serviceprogram\itbank_serviceprogram\main.c(135): warning C4566: character represented by universal-character-name '\uD638' cannot be represented in the current code page (1252)
     1>c:\users\jinyoung\documents\visual studio 2013\projects\itbank_serviceprogram\itbank_serviceprogram\main.c(135): warning C4566: character represented by universal-character-name '\uB97C' cannot be represented in the current code page (1252)
     1>c:\users\jinyoung\documents\visual studio 2013\projects\itbank_serviceprogram\itbank_serviceprogram\main.c(135): warning C4566: character represented by universal-character-name '\uC785' cannot be represented in the current code page (1252)
     1>c:\users\jinyoung\documents\visual studio 2013\projects\itbank_serviceprogram\itbank_serviceprogram\main.c(135): warning C4566: character represented by universal-character-name '\uB825' cannot be represented in the current code page (1252)
     1>c:\users\jinyoung\documents\visual studio 2013\projects\itbank_serviceprogram\itbank_serviceprogram\main.c(135): warning C4566: character represented by universal-character-name '\uD558' cannot be represented in the current code page (1252)
     1>c:\users\jinyoung\documents\visual studio 2013\projects\itbank_serviceprogram\itbank_serviceprogram\main.c(135): warning C4566: character represented by universal-character-name '\uC138' cannot be represented in the current code page (1252)
     1>c:\users\jinyoung\documents\visual studio 2013\projects\itbank_serviceprogram\itbank_serviceprogram\main.c(135): warning C4566: character represented by universal-character-name '\uC694' cannot be represented in the current code page (1252)
     1>c:\users\jinyoung\documents\visual studio 2013\projects\itbank_serviceprogram\itbank_serviceprogram\main.c(138): warning C4047: '!=' : 'int' differs in levels of indirection from 'void *'
     1>c:\users\jinyoung\documents\visual studio 2013\projects\itbank_serviceprogram\itbank_serviceprogram\main.c(141): warning C4566: character represented by universal-character-name '\uC870' cannot be represented in the current code page (1252)
     1>c:\users\jinyoung\documents\visual studio 2013\projects\itbank_serviceprogram\itbank_serviceprogram\main.c(141): warning C4566: character represented by universal-character-name '\uD68C' cannot be represented in the current code page (1252)
     1>c:\users\jinyoung\documents\visual studio 2013\projects\itbank_serviceprogram\itbank_serviceprogram\main.c(141): warning C4566: character represented by universal-character-name '\uAC00' cannot be represented in the current code page (1252)
     1>c:\users\jinyoung\documents\visual studio 2013\projects\itbank_serviceprogram\itbank_serviceprogram\main.c(141): warning C4566: character represented by universal-character-name '\uC131' cannot be represented in the current code page (1252)
     1>c:\users\jinyoung\documents\visual studio 2013\projects\itbank_serviceprogram\itbank_serviceprogram\main.c(141): warning C4566: character represented by universal-character-name '\uACF5' cannot be represented in the current code page (1252)
     1>c:\users\jinyoung\documents\visual studio 2013\projects\itbank_serviceprogram\itbank_serviceprogram\main.c(141): warning C4566: character represented by universal-character-name '\uC801' cannot be represented in the current code page (1252)
     1>c:\users\jinyoung\documents\visual studio 2013\projects\itbank_serviceprogram\itbank_serviceprogram\main.c(141): warning C4566: character represented by universal-character-name '\uC774' cannot be represented in the current code page (1252)
     1>c:\users\jinyoung\documents\visual studio 2013\projects\itbank_serviceprogram\itbank_serviceprogram\main.c(141): warning C4566: character represented by universal-character-name '\uC5C8' cannot be represented in the current code page (1252)
     1>c:\users\jinyoung\documents\visual studio 2013\projects\itbank_serviceprogram\itbank_serviceprogram\main.c(141): warning C4566: character represented by universal-character-name '\uC2B5' cannot be represented in the current code page (1252)
     1>c:\users\jinyoung\documents\visual studio 2013\projects\itbank_serviceprogram\itbank_serviceprogram\main.c(141): warning C4566: character represented by universal-character-name '\uB2C8' cannot be represented in the current code page (1252)
     1>c:\users\jinyoung\documents\visual studio 2013\projects\itbank_serviceprogram\itbank_serviceprogram\main.c(141): warning C4566: character represented by universal-character-name '\uB2E4' cannot be represented in the current code page (1252)
     1>c:\users\jinyoung\documents\visual studio 2013\projects\itbank_serviceprogram\itbank_serviceprogram\main.c(142): warning C4566: character represented by universal-character-name '\uC815' cannot be represented in the current code page (1252)
     1>c:\users\jinyoung\documents\visual studio 2013\projects\itbank_serviceprogram\itbank_serviceprogram\main.c(142): warning C4566: character represented by universal-character-name '\uBCF4' cannot be represented in the current code page (1252)
     1>c:\users\jinyoung\documents\visual studio 2013\projects\itbank_serviceprogram\itbank_serviceprogram\main.c(142): warning C4566: character represented by universal-character-name '\uC8FC' cannot be represented in the current code page (1252)
     1>c:\users\jinyoung\documents\visual studio 2013\projects\itbank_serviceprogram\itbank_serviceprogram\main.c(142): warning C4566: character represented by universal-character-name '\uBBFC' cannot be represented in the current code page (1252)
     1>c:\users\jinyoung\documents\visual studio 2013\projects\itbank_serviceprogram\itbank_serviceprogram\main.c(142): warning C4566: character represented by universal-character-name '\uB4F1' cannot be represented in the current code page (1252)
     1>c:\users\jinyoung\documents\visual studio 2013\projects\itbank_serviceprogram\itbank_serviceprogram\main.c(142): warning C4566: character represented by universal-character-name '\uB85D' cannot be represented in the current code page (1252)
     1>c:\users\jinyoung\documents\visual studio 2013\projects\itbank_serviceprogram\itbank_serviceprogram\main.c(142): warning C4566: character represented by universal-character-name '\uBC88' cannot be represented in the current code page (1252)
     1>c:\users\jinyoung\documents\visual studio 2013\projects\itbank_serviceprogram\itbank_serviceprogram\main.c(142): warning C4566: character represented by universal-character-name '\uD638' cannot be represented in the current code page (1252)
     1>c:\users\jinyoung\documents\visual studio 2013\projects\itbank_serviceprogram\itbank_serviceprogram\main.c(142): warning C4566: character represented by universal-character-name '\uC131' cannot be represented in the current code page (1252)
     1>c:\users\jinyoung\documents\visual studio 2013\projects\itbank_serviceprogram\itbank_serviceprogram\main.c(142): warning C4566: character represented by universal-character-name '\uD568' cannot be represented in the current code page (1252)
     1>c:\users\jinyoung\documents\visual studio 2013\projects\itbank_serviceprogram\itbank_serviceprogram\main.c(142): warning C4566: character represented by universal-character-name '\uC5F0' cannot be represented in the current code page (1252)
     1>c:\users\jinyoung\documents\visual studio 2013\projects\itbank_serviceprogram\itbank_serviceprogram\main.c(142): warning C4566: character represented by universal-character-name '\uC138' cannot be represented in the current code page (1252)
     1>c:\users\jinyoung\documents\visual studio 2013\projects\itbank_serviceprogram\itbank_serviceprogram\main.c(142): warning C4566: character represented by universal-character-name '\uC804' cannot be represented in the current code page (1252)
     1>c:\users\jinyoung\documents\visual studio 2013\projects\itbank_serviceprogram\itbank_serviceprogram\main.c(142): warning C4566: character represented by universal-character-name '\uD654' cannot be represented in the current code page (1252)
     1>c:\users\jinyoung\documents\visual studio 2013\projects\itbank_serviceprogram\itbank_serviceprogram\main.c(144): warning C4566: character represented by universal-character-name '\uACC4' cannot be represented in the current code page (1252)
     1>c:\users\jinyoung\documents\visual studio 2013\projects\itbank_serviceprogram\itbank_serviceprogram\main.c(144): warning C4566: character represented by universal-character-name '\uC18D' cannot be represented in the current code page (1252)
     1>c:\users\jinyoung\documents\visual studio 2013\projects\itbank_serviceprogram\itbank_serviceprogram\main.c(144): warning C4566: character represented by universal-character-name '\uD558' cannot be represented in the current code page (1252)
     1>c:\users\jinyoung\documents\visual studio 2013\projects\itbank_serviceprogram\itbank_serviceprogram\main.c(144): warning C4566: character represented by universal-character-name '\uC2DC' cannot be represented in the current code page (1252)
     1>c:\users\jinyoung\documents\visual studio 2013\projects\itbank_serviceprogram\itbank_serviceprogram\main.c(144): warning C4566: character represented by universal-character-name '\uACA0' cannot be represented in the current code page (1252)
     1>c:\users\jinyoung\documents\visual studio 2013\projects\itbank_serviceprogram\itbank_serviceprogram\main.c(144): warning C4566: character represented by universal-character-name '\uC2B5' cannot be represented in the current code page (1252)
     1>c:\users\jinyoung\documents\visual studio 2013\projects\itbank_serviceprogram\itbank_serviceprogram\main.c(144): warning C4566: character represented by universal-character-name '\uB2C8' cannot be represented in the current code page (1252)
     1>c:\users\jinyoung\documents\visual studio 2013\projects\itbank_serviceprogram\itbank_serviceprogram\main.c(144): warning C4566: character represented by universal-character-name '\uAE4C' cannot be represented in the current code page (1252)
     1>c:\users\jinyoung\documents\visual studio 2013\projects\itbank_serviceprogram\itbank_serviceprogram\main.c(144): warning C4566: character represented by universal-character-name '\uC608' cannot be represented in the current code page (1252)
     1>c:\users\jinyoung\documents\visual studio 2013\projects\itbank_serviceprogram\itbank_serviceprogram\main.c(144): warning C4566: character represented by universal-character-name '\uC544' cannot be represented in the current code page (1252)
     1>c:\users\jinyoung\documents\visual studio 2013\projects\itbank_serviceprogram\itbank_serviceprogram\main.c(144): warning C4566: character represented by universal-character-name '\uC694' cannot be represented in the current code page (1252)
     1>c:\users\jinyoung\documents\visual studio 2013\projects\itbank_serviceprogram\itbank_serviceprogram\main.c(144): warning C4552: '+' : operator has no effect; expected operator with side-effect
     1>c:\users\jinyoung\documents\visual studio 2013\projects\itbank_serviceprogram\itbank_serviceprogram\main.c(153): warning C4566: character represented by universal-character-name '\uC798' cannot be represented in the current code page (1252)
     1>c:\users\jinyoung\documents\visual studio 2013\projects\itbank_serviceprogram\itbank_serviceprogram\main.c(153): warning C4566: character represented by universal-character-name '\uBABB' cannot be represented in the current code page (1252)
     1>c:\users\jinyoung\documents\visual studio 2013\projects\itbank_serviceprogram\itbank_serviceprogram\main.c(153): warning C4566: character represented by universal-character-name '\uC785' cannot be represented in the current code page (1252)
     1>c:\users\jinyoung\documents\visual studio 2013\projects\itbank_serviceprogram\itbank_serviceprogram\main.c(153): warning C4566: character represented by universal-character-name '\uB825' cannot be represented in the current code page (1252)
     1>c:\users\jinyoung\documents\visual studio 2013\projects\itbank_serviceprogram\itbank_serviceprogram\main.c(153): warning C4566: character represented by universal-character-name '\uD558' cannot be represented in the current code page (1252)
     1>c:\users\jinyoung\documents\visual studio 2013\projects\itbank_serviceprogram\itbank_serviceprogram\main.c(153): warning C4566: character represented by universal-character-name '\uC168' cannot be represented in the current code page (1252)
     1>c:\users\jinyoung\documents\visual studio 2013\projects\itbank_serviceprogram\itbank_serviceprogram\main.c(153): warning C4566: character represented by universal-character-name '\uC2B5' cannot be represented in the current code page (1252)
     1>c:\users\jinyoung\documents\visual studio 2013\projects\itbank_serviceprogram\itbank_serviceprogram\main.c(153): warning C4566: character represented by universal-character-name '\uB2C8' cannot be represented in the current code page (1252)
     1>c:\users\jinyoung\documents\visual studio 2013\projects\itbank_serviceprogram\itbank_serviceprogram\main.c(153): warning C4566: character represented by universal-character-name '\uB2E4' cannot be represented in the current code page (1252)
     1>c:\users\jinyoung\documents\visual studio 2013\projects\itbank_serviceprogram\itbank_serviceprogram\main.c(153): warning C4566: character represented by universal-character-name '\uC2DC' cannot be represented in the current code page (1252)
     1>c:\users\jinyoung\documents\visual studio 2013\projects\itbank_serviceprogram\itbank_serviceprogram\main.c(153): warning C4566: character represented by universal-character-name '\uC138' cannot be represented in the current code page (1252)
     1>c:\users\jinyoung\documents\visual studio 2013\projects\itbank_serviceprogram\itbank_serviceprogram\main.c(153): warning C4566: character represented by universal-character-name '\uC694' cannot be represented in the current code page (1252)
     1>c:\users\jinyoung\documents\visual studio 2013\projects\itbank_serviceprogram\itbank_serviceprogram\main.c(160): warning C4566: character represented by universal-character-name '\uC785' cannot be represented in the current code page (1252)
     1>c:\users\jinyoung\documents\visual studio 2013\projects\itbank_serviceprogram\itbank_serviceprogram\main.c(160): warning C4566: character represented by universal-character-name '\uB825' cannot be represented in the current code page (1252)
     1>c:\users\jinyoung\documents\visual studio 2013\projects\itbank_serviceprogram\itbank_serviceprogram\main.c(160): warning C4566: character represented by universal-character-name '\uD558' cannot be represented in the current code page (1252)
     1>c:\users\jinyoung\documents\visual studio 2013\projects\itbank_serviceprogram\itbank_serviceprogram\main.c(160): warning C4566: character represented by universal-character-name '\uC2E0' cannot be represented in the current code page (1252)
     1>c:\users\jinyoung\documents\visual studio 2013\projects\itbank_serviceprogram\itbank_serviceprogram\main.c(160): warning C4566: character represented by universal-character-name '\uC8FC' cannot be represented in the current code page (1252)
     1>c:\users\jinyoung\documents\visual studio 2013\projects\itbank_serviceprogram\itbank_serviceprogram\main.c(160): warning C4566: character represented by universal-character-name '\uBBFC' cannot be represented in the current code page (1252)
     1>c:\users\jinyoung\documents\visual studio 2013\projects\itbank_serviceprogram\itbank_serviceprogram\main.c(160): warning C4566: character represented by universal-character-name '\uB4F1' cannot be represented in the current code page (1252)
     1>c:\users\jinyoung\documents\visual studio 2013\projects\itbank_serviceprogram\itbank_serviceprogram\main.c(160): warning C4566: character represented by universal-character-name '\uB85D' cannot be represented in the current code page (1252)
     1>c:\users\jinyoung\documents\visual studio 2013\projects\itbank_serviceprogram\itbank_serviceprogram\main.c(160): warning C4566: character represented by universal-character-name '\uBC88' cannot be represented in the current code page (1252)
     1>c:\users\jinyoung\documents\visual studio 2013\projects\itbank_serviceprogram\itbank_serviceprogram\main.c(160): warning C4566: character represented by universal-character-name '\uD638' cannot be represented in the current code page (1252)
     1>c:\users\jinyoung\documents\visual studio 2013\projects\itbank_serviceprogram\itbank_serviceprogram\main.c(160): warning C4566: character represented by universal-character-name '\uB85C' cannot be represented in the current code page (1252)
     1>c:\users\jinyoung\documents\visual studio 2013\projects\itbank_serviceprogram\itbank_serviceprogram\main.c(160): warning C4566: character represented by universal-character-name '\uCC3E' cannot be represented in the current code page (1252)
     1>c:\users\jinyoung\documents\visual studio 2013\projects\itbank_serviceprogram\itbank_serviceprogram\main.c(160): warning C4566: character represented by universal-character-name '\uC744' cannot be represented in the current code page (1252)
     1>c:\users\jinyoung\documents\visual studio 2013\projects\itbank_serviceprogram\itbank_serviceprogram\main.c(160): warning C4566: character represented by universal-character-name '\uC218' cannot be represented in the current code page (1252)
     1>c:\users\jinyoung\documents\visual studio 2013\projects\itbank_serviceprogram\itbank_serviceprogram\main.c(160): warning C4566: character represented by universal-character-name '\uC5C6' cannot be represented in the current code page (1252)
     1>c:\users\jinyoung\documents\visual studio 2013\projects\itbank_serviceprogram\itbank_serviceprogram\main.c(160): warning C4566: character represented by universal-character-name '\uC5C8' cannot be represented in the current code page (1252)
     1>c:\users\jinyoung\documents\visual studio 2013\projects\itbank_serviceprogram\itbank_serviceprogram\main.c(160): warning C4566: character represented by universal-character-name '\uC2B5' cannot be represented in the current code page (1252)
     1>c:\users\jinyoung\documents\visual studio 2013\projects\itbank_serviceprogram\itbank_serviceprogram\main.c(160): warning C4566: character represented by universal-character-name '\uB2C8' cannot be represented in the current code page (1252)
     1>c:\users\jinyoung\documents\visual studio 2013\projects\itbank_serviceprogram\itbank_serviceprogram\main.c(160): warning C4566: character represented by universal-character-name '\uB2E4' cannot be represented in the current code page (1252)
     1>c:\users\jinyoung\documents\visual studio 2013\projects\itbank_serviceprogram\itbank_serviceprogram\main.c(162): warning C4566: character represented by universal-character-name '\uACC4' cannot be represented in the current code page (1252)
     1>c:\users\jinyoung\documents\visual studio 2013\projects\itbank_serviceprogram\itbank_serviceprogram\main.c(162): warning C4566: character represented by universal-character-name '\uC18D' cannot be represented in the current code page (1252)
     1>c:\users\jinyoung\documents\visual studio 2013\projects\itbank_serviceprogram\itbank_serviceprogram\main.c(162): warning C4566: character represented by universal-character-name '\uD558' cannot be represented in the current code page (1252)
     1>c:\users\jinyoung\documents\visual studio 2013\projects\itbank_serviceprogram\itbank_serviceprogram\main.c(162): warning C4566: character represented by universal-character-name '\uC2DC' cannot be represented in the current code page (1252)
     1>c:\users\jinyoung\documents\visual studio 2013\projects\itbank_serviceprogram\itbank_serviceprogram\main.c(162): warning C4566: character represented by universal-character-name '\uACA0' cannot be represented in the current code page (1252)
     1>c:\users\jinyoung\documents\visual studio 2013\projects\itbank_serviceprogram\itbank_serviceprogram\main.c(162): warning C4566: character represented by universal-character-name '\uC2B5' cannot be represented in the current code page (1252)
     1>c:\users\jinyoung\documents\visual studio 2013\projects\itbank_serviceprogram\itbank_serviceprogram\main.c(162): warning C4566: character represented by universal-character-name '\uB2C8' cannot be represented in the current code page (1252)
     1>c:\users\jinyoung\documents\visual studio 2013\projects\itbank_serviceprogram\itbank_serviceprogram\main.c(162): warning C4566: character represented by universal-character-name '\uAE4C' cannot be represented in the current code page (1252)
     1>c:\users\jinyoung\documents\visual studio 2013\projects\itbank_serviceprogram\itbank_serviceprogram\main.c(162): warning C4566: character represented by universal-character-name '\uC608' cannot be represented in the current code page (1252)
     1>c:\users\jinyoung\documents\visual studio 2013\projects\itbank_serviceprogram\itbank_serviceprogram\main.c(162): warning C4566: character represented by universal-character-name '\uC544' cannot be represented in the current code page (1252)
     1>c:\users\jinyoung\documents\visual studio 2013\projects\itbank_serviceprogram\itbank_serviceprogram\main.c(162): warning C4566: character represented by universal-character-name '\uC694' cannot be represented in the current code page (1252)
     1>c:\users\jinyoung\documents\visual studio 2013\projects\itbank_serviceprogram\itbank_serviceprogram\main.c(171): warning C4566: character represented by universal-character-name '\uC798' cannot be represented in the current code page (1252)
     1>c:\users\jinyoung\documents\visual studio 2013\projects\itbank_serviceprogram\itbank_serviceprogram\main.c(171): warning C4566: character represented by universal-character-name '\uBABB' cannot be represented in the current code page (1252)
     1>c:\users\jinyoung\documents\visual studio 2013\projects\itbank_serviceprogram\itbank_serviceprogram\main.c(171): warning C4566: character represented by universal-character-name '\uC785' cannot be represented in the current code page (1252)
     1>c:\users\jinyoung\documents\visual studio 2013\projects\itbank_serviceprogram\itbank_serviceprogram\main.c(171): warning C4566: character represented by universal-character-name '\uB825' cannot be represented in the current code page (1252)
     1>c:\users\jinyoung\documents\visual studio 2013\projects\itbank_serviceprogram\itbank_serviceprogram\main.c(171): warning C4566: character represented by universal-character-name '\uD558' cannot be represented in the current code page (1252)
     1>c:\users\jinyoung\documents\visual studio 2013\projects\itbank_serviceprogram\itbank_serviceprogram\main.c(171): warning C4566: character represented by universal-character-name '\uC168' cannot be represented in the current code page (1252)
     1>c:\users\jinyoung\documents\visual studio 2013\projects\itbank_serviceprogram\itbank_serviceprogram\main.c(171): warning C4566: character represented by universal-character-name '\uC2B5' cannot be represented in the current code page (1252)
     1>c:\users\jinyoung\documents\visual studio 2013\projects\itbank_serviceprogram\itbank_serviceprogram\main.c(171): warning C4566: character represented by universal-character-name '\uB2C8' cannot be represented in the current code page (1252)
     1>c:\users\jinyoung\documents\visual studio 2013\projects\itbank_serviceprogram\itbank_serviceprogram\main.c(171): warning C4566: character represented by universal-character-name '\uB2E4' cannot be represented in the current code page (1252)
     1>c:\users\jinyoung\documents\visual studio 2013\projects\itbank_serviceprogram\itbank_serviceprogram\main.c(171): warning C4566: character represented by universal-character-name '\uC2DC' cannot be represented in the current code page (1252)
     1>c:\users\jinyoung\documents\visual studio 2013\projects\itbank_serviceprogram\itbank_serviceprogram\main.c(171): warning C4566: character represented by universal-character-name '\uC138' cannot be represented in the current code page (1252)
     1>c:\users\jinyoung\documents\visual studio 2013\projects\itbank_serviceprogram\itbank_serviceprogram\main.c(171): warning C4566: character represented by universal-character-name '\uC694' cannot be represented in the current code page (1252)
     1>c:\users\jinyoung\documents\visual studio 2013\projects\itbank_serviceprogram\itbank_serviceprogram\main.c(183): warning C4566: character represented by universal-character-name '\uC774' cannot be represented in the current code page (1252)
     1>c:\users\jinyoung\documents\visual studio 2013\projects\itbank_serviceprogram\itbank_serviceprogram\main.c(183): warning C4566: character represented by universal-character-name '\uC6A9' cannot be represented in the current code page (1252)
     1>c:\users\jinyoung\documents\visual studio 2013\projects\itbank_serviceprogram\itbank_serviceprogram\main.c(183): warning C4566: character represented by universal-character-name '\uD574' cannot be represented in the current code page (1252)
     1>c:\users\jinyoung\documents\visual studio 2013\projects\itbank_serviceprogram\itbank_serviceprogram\main.c(183): warning C4566: character represented by universal-character-name '\uC8FC' cannot be represented in the current code page (1252)
     1>c:\users\jinyoung\documents\visual studio 2013\projects\itbank_serviceprogram\itbank_serviceprogram\main.c(183): warning C4566: character represented by universal-character-name '\uC154' cannot be represented in the current code page (1252)
     1>c:\users\jinyoung\documents\visual studio 2013\projects\itbank_serviceprogram\itbank_serviceprogram\main.c(183): warning C4566: character represented by universal-character-name '\uC11C' cannot be represented in the current code page (1252)
     1>c:\users\jinyoung\documents\visual studio 2013\projects\itbank_serviceprogram\itbank_serviceprogram\main.c(183): warning C4566: character represented by universal-character-name '\uAC10' cannot be represented in the current code page (1252)
     1>c:\users\jinyoung\documents\visual studio 2013\projects\itbank_serviceprogram\itbank_serviceprogram\main.c(183): warning C4566: character represented by universal-character-name '\uC0AC' cannot be represented in the current code page (1252)
     1>c:\users\jinyoung\documents\visual studio 2013\projects\itbank_serviceprogram\itbank_serviceprogram\main.c(183): warning C4566: character represented by universal-character-name '\uD569' cannot be represented in the current code page (1252)
     1>c:\users\jinyoung\documents\visual studio 2013\projects\itbank_serviceprogram\itbank_serviceprogram\main.c(183): warning C4566: character represented by universal-character-name '\uB2C8' cannot be represented in the current code page (1252)
     1>c:\users\jinyoung\documents\visual studio 2013\projects\itbank_serviceprogram\itbank_serviceprogram\main.c(183): warning C4566: character represented by universal-character-name '\uB2E4' cannot be represented in the current code page (1252)
     1>c:\users\jinyoung\documents\visual studio 2013\projects\itbank_serviceprogram\itbank_serviceprogram\main.c(188): warning C4566: character represented by universal-character-name '\uC798' cannot be represented in the current code page (1252)
     1>c:\users\jinyoung\documents\visual studio 2013\projects\itbank_serviceprogram\itbank_serviceprogram\main.c(188): warning C4566: character represented by universal-character-name '\uBABB' cannot be represented in the current code page (1252)
     1>c:\users\jinyoung\documents\visual studio 2013\projects\itbank_serviceprogram\itbank_serviceprogram\main.c(188): warning C4566: character represented by universal-character-name '\uC785' cannot be represented in the current code page (1252)
     1>c:\users\jinyoung\documents\visual studio 2013\projects\itbank_serviceprogram\itbank_serviceprogram\main.c(188): warning C4566: character represented by universal-character-name '\uB825' cannot be represented in the current code page (1252)
     1>c:\users\jinyoung\documents\visual studio 2013\projects\itbank_serviceprogram\itbank_serviceprogram\main.c(188): warning C4566: character represented by universal-character-name '\uD558' cannot be represented in the current code page (1252)
     1>c:\users\jinyoung\documents\visual studio 2013\projects\itbank_serviceprogram\itbank_serviceprogram\main.c(188): warning C4566: character represented by universal-character-name '\uC168' cannot be represented in the current code page (1252)
     1>c:\users\jinyoung\documents\visual studio 2013\projects\itbank_serviceprogram\itbank_serviceprogram\main.c(188): warning C4566: character represented by universal-character-name '\uC2B5' cannot be represented in the current code page (1252)
     1>c:\users\jinyoung\documents\visual studio 2013\projects\itbank_serviceprogram\itbank_serviceprogram\main.c(188): warning C4566: character represented by universal-character-name '\uB2C8' cannot be represented in the current code page (1252)
     1>c:\users\jinyoung\documents\visual studio 2013\projects\itbank_serviceprogram\itbank_serviceprogram\main.c(188): warning C4566: character represented by universal-character-name '\uB2E4' cannot be represented in the current code page (1252)
     1>c:\users\jinyoung\documents\visual studio 2013\projects\itbank_serviceprogram\itbank_serviceprogram\main.c(188): warning C4566: character represented by universal-character-name '\uC2DC' cannot be represented in the current code page (1252)
     1>c:\users\jinyoung\documents\visual studio 2013\projects\itbank_serviceprogram\itbank_serviceprogram\main.c(188): warning C4566: character represented by universal-character-name '\uC120' cannot be represented in the current code page (1252)
     1>c:\users\jinyoung\documents\visual studio 2013\projects\itbank_serviceprogram\itbank_serviceprogram\main.c(188): warning C4566: character represented by universal-character-name '\uD0DD' cannot be represented in the current code page (1252)
     1>c:\users\jinyoung\documents\visual studio 2013\projects\itbank_serviceprogram\itbank_serviceprogram\main.c(188): warning C4566: character represented by universal-character-name '\uC138' cannot be represented in the current code page (1252)
     1>c:\users\jinyoung\documents\visual studio 2013\projects\itbank_serviceprogram\itbank_serviceprogram\main.c(188): warning C4566: character represented by universal-character-name '\uC694' cannot be represented in the current code page (1252)
     1>c:\users\jinyoung\documents\visual studio 2013\projects\itbank_serviceprogram\itbank_serviceprogram\main.c(205): warning C4566: character represented by universal-character-name '\uBA54' cannot be represented in the current code page (1252)
     1>c:\users\jinyoung\documents\visual studio 2013\projects\itbank_serviceprogram\itbank_serviceprogram\main.c(205): warning C4566: character represented by universal-character-name '\uBAA8' cannot be represented in the current code page (1252)
     1>c:\users\jinyoung\documents\visual studio 2013\projects\itbank_serviceprogram\itbank_serviceprogram\main.c(205): warning C4566: character represented by universal-character-name '\uB9AC' cannot be represented in the current code page (1252)
     1>c:\users\jinyoung\documents\visual studio 2013\projects\itbank_serviceprogram\itbank_serviceprogram\main.c(205): warning C4566: character represented by universal-character-name '\uD560' cannot be represented in the current code page (1252)
     1>c:\users\jinyoung\documents\visual studio 2013\projects\itbank_serviceprogram\itbank_serviceprogram\main.c(205): warning C4566: character represented by universal-character-name '\uB2F9' cannot be represented in the current code page (1252)
     1>c:\users\jinyoung\documents\visual studio 2013\projects\itbank_serviceprogram\itbank_serviceprogram\main.c(205): warning C4566: character represented by universal-character-name '\uC2E4' cannot be represented in the current code page (1252)
     1>c:\users\jinyoung\documents\visual studio 2013\projects\itbank_serviceprogram\itbank_serviceprogram\main.c(205): warning C4566: character represented by universal-character-name '\uD328' cannot be represented in the current code page (1252)
     1>c:\users\jinyoung\documents\visual studio 2013\projects\itbank_serviceprogram\itbank_serviceprogram\main.c(213): warning C4566: character represented by universal-character-name '\uBA54' cannot be represented in the current code page (1252)
     1>c:\users\jinyoung\documents\visual studio 2013\projects\itbank_serviceprogram\itbank_serviceprogram\main.c(213): warning C4566: character represented by universal-character-name '\uBAA8' cannot be represented in the current code page (1252)
     1>c:\users\jinyoung\documents\visual studio 2013\projects\itbank_serviceprogram\itbank_serviceprogram\main.c(213): warning C4566: character represented by universal-character-name '\uB9AC' cannot be represented in the current code page (1252)
     1>c:\users\jinyoung\documents\visual studio 2013\projects\itbank_serviceprogram\itbank_serviceprogram\main.c(213): warning C4566: character represented by universal-character-name '\uD560' cannot be represented in the current code page (1252)
     1>c:\users\jinyoung\documents\visual studio 2013\projects\itbank_serviceprogram\itbank_serviceprogram\main.c(213): warning C4566: character represented by universal-character-name '\uB2F9' cannot be represented in the current code page (1252)
     1>c:\users\jinyoung\documents\visual studio 2013\projects\itbank_serviceprogram\itbank_serviceprogram\main.c(213): warning C4566: character represented by universal-character-name '\uC2E4' cannot be represented in the current code page (1252)
     1>c:\users\jinyoung\documents\visual studio 2013\projects\itbank_serviceprogram\itbank_serviceprogram\main.c(213): warning C4566: character represented by universal-character-name '\uD328' cannot be represented in the current code page (1252)
     1>c:\users\jinyoung\documents\visual studio 2013\projects\itbank_serviceprogram\itbank_serviceprogram\main.c(220): warning C4047: '=' : 'char' differs in levels of indirection from 'void *'
     1>c:\users\jinyoung\documents\visual studio 2013\projects\itbank_serviceprogram\itbank_serviceprogram\main.c(240): warning C4566: character represented by universal-character-name '\uACE0' cannot be represented in the current code page (1252)
     1>c:\users\jinyoung\documents\visual studio 2013\projects\itbank_serviceprogram\itbank_serviceprogram\main.c(240): warning C4566: character represented by universal-character-name '\uAC1D' cannot be represented in the current code page (1252)
     1>c:\users\jinyoung\documents\visual studio 2013\projects\itbank_serviceprogram\itbank_serviceprogram\main.c(240): warning C4566: character represented by universal-character-name '\uB2D8' cannot be represented in the current code page (1252)
     1>c:\users\jinyoung\documents\visual studio 2013\projects\itbank_serviceprogram\itbank_serviceprogram\main.c(240): warning C4566: character represented by universal-character-name '\uC758' cannot be represented in the current code page (1252)
     1>c:\users\jinyoung\documents\visual studio 2013\projects\itbank_serviceprogram\itbank_serviceprogram\main.c(240): warning C4566: character represented by universal-character-name '\uC8FC' cannot be represented in the current code page (1252)
     1>c:\users\jinyoung\documents\visual studio 2013\projects\itbank_serviceprogram\itbank_serviceprogram\main.c(240): warning C4566: character represented by universal-character-name '\uBBFC' cannot be represented in the current code page (1252)
     1>c:\users\jinyoung\documents\visual studio 2013\projects\itbank_serviceprogram\itbank_serviceprogram\main.c(240): warning C4566: character represented by universal-character-name '\uB4F1' cannot be represented in the current code page (1252)
     1>c:\users\jinyoung\documents\visual studio 2013\projects\itbank_serviceprogram\itbank_serviceprogram\main.c(240): warning C4566: character represented by universal-character-name '\uB85D' cannot be represented in the current code page (1252)
     1>c:\users\jinyoung\documents\visual studio 2013\projects\itbank_serviceprogram\itbank_serviceprogram\main.c(240): warning C4566: character represented by universal-character-name '\uBC88' cannot be represented in the current code page (1252)
     1>c:\users\jinyoung\documents\visual studio 2013\projects\itbank_serviceprogram\itbank_serviceprogram\main.c(240): warning C4566: character represented by universal-character-name '\uD638' cannot be represented in the current code page (1252)
     1>c:\users\jinyoung\documents\visual studio 2013\projects\itbank_serviceprogram\itbank_serviceprogram\main.c(240): warning C4566: character represented by universal-character-name '\uAC00' cannot be represented in the current code page (1252)
     1>c:\users\jinyoung\documents\visual studio 2013\projects\itbank_serviceprogram\itbank_serviceprogram\main.c(240): warning C4566: character represented by universal-character-name '\uC62C' cannot be represented in the current code page (1252)
     1>c:\users\jinyoung\documents\visual studio 2013\projects\itbank_serviceprogram\itbank_serviceprogram\main.c(240): warning C4566: character represented by universal-character-name '\uBC14' cannot be represented in the current code page (1252)
     1>c:\users\jinyoung\documents\visual studio 2013\projects\itbank_serviceprogram\itbank_serviceprogram\main.c(240): warning C4566: character represented by universal-character-name '\uB974' cannot be represented in the current code page (1252)
     1>c:\users\jinyoung\documents\visual studio 2013\projects\itbank_serviceprogram\itbank_serviceprogram\main.c(240): warning C4566: character represented by universal-character-name '\uC9C0' cannot be represented in the current code page (1252)
     1>c:\users\jinyoung\documents\visual studio 2013\projects\itbank_serviceprogram\itbank_serviceprogram\main.c(240): warning C4566: character represented by universal-character-name '\uC54A' cannot be represented in the current code page (1252)
     1>c:\users\jinyoung\documents\visual studio 2013\projects\itbank_serviceprogram\itbank_serviceprogram\main.c(240): warning C4566: character represented by universal-character-name '\uC2B5' cannot be represented in the current code page (1252)
     1>c:\users\jinyoung\documents\visual studio 2013\projects\itbank_serviceprogram\itbank_serviceprogram\main.c(240): warning C4566: character represented by universal-character-name '\uB2C8' cannot be represented in the current code page (1252)
     1>c:\users\jinyoung\documents\visual studio 2013\projects\itbank_serviceprogram\itbank_serviceprogram\main.c(240): warning C4566: character represented by universal-character-name '\uB2E4' cannot be represented in the current code page (1252)
     1>c:\users\jinyoung\documents\visual studio 2013\projects\itbank_serviceprogram\itbank_serviceprogram\main.c(243): warning C4566: character represented by universal-character-name '\uACE0' cannot be represented in the current code page (1252)
     1>c:\users\jinyoung\documents\visual studio 2013\projects\itbank_serviceprogram\itbank_serviceprogram\main.c(243): warning C4566: character represented by universal-character-name '\uAC1D' cannot be represented in the current code page (1252)
     1>c:\users\jinyoung\documents\visual studio 2013\projects\itbank_serviceprogram\itbank_serviceprogram\main.c(243): warning C4566: character represented by universal-character-name '\uB2D8' cannot be represented in the current code page (1252)
     1>c:\users\jinyoung\documents\visual studio 2013\projects\itbank_serviceprogram\itbank_serviceprogram\main.c(243): warning C4566: character represented by universal-character-name '\uC758' cannot be represented in the current code page (1252)
     1>c:\users\jinyoung\documents\visual studio 2013\projects\itbank_serviceprogram\itbank_serviceprogram\main.c(243): warning C4566: character represented by universal-character-name '\uC774' cannot be represented in the current code page (1252)
     1>c:\users\jinyoung\documents\visual studio 2013\projects\itbank_serviceprogram\itbank_serviceprogram\main.c(243): warning C4566: character represented by universal-character-name '\uB984' cannot be represented in the current code page (1252)
     1>c:\users\jinyoung\documents\visual studio 2013\projects\itbank_serviceprogram\itbank_serviceprogram\main.c(243): warning C4566: character represented by universal-character-name '\uC62C' cannot be represented in the current code page (1252)
     1>c:\users\jinyoung\documents\visual studio 2013\projects\itbank_serviceprogram\itbank_serviceprogram\main.c(243): warning C4566: character represented by universal-character-name '\uBC14' cannot be represented in the current code page (1252)
     1>c:\users\jinyoung\documents\visual studio 2013\projects\itbank_serviceprogram\itbank_serviceprogram\main.c(243): warning C4566: character represented by universal-character-name '\uB974' cannot be represented in the current code page (1252)
     1>c:\users\jinyoung\documents\visual studio 2013\projects\itbank_serviceprogram\itbank_serviceprogram\main.c(243): warning C4566: character represented by universal-character-name '\uC9C0' cannot be represented in the current code page (1252)
     1>c:\users\jinyoung\documents\visual studio 2013\projects\itbank_serviceprogram\itbank_serviceprogram\main.c(243): warning C4566: character represented by universal-character-name '\uC54A' cannot be represented in the current code page (1252)
     1>c:\users\jinyoung\documents\visual studio 2013\projects\itbank_serviceprogram\itbank_serviceprogram\main.c(243): warning C4566: character represented by universal-character-name '\uC2B5' cannot be represented in the current code page (1252)
     1>c:\users\jinyoung\documents\visual studio 2013\projects\itbank_serviceprogram\itbank_serviceprogram\main.c(243): warning C4566: character represented by universal-character-name '\uB2C8' cannot be represented in the current code page (1252)
     1>c:\users\jinyoung\documents\visual studio 2013\projects\itbank_serviceprogram\itbank_serviceprogram\main.c(243): warning C4566: character represented by universal-character-name '\uB2E4' cannot be represented in the current code page (1252)
     1>c:\users\jinyoung\documents\visual studio 2013\projects\itbank_serviceprogram\itbank_serviceprogram\main.c(246): warning C4566: character represented by universal-character-name '\uACE0' cannot be represented in the current code page (1252)
     1>c:\users\jinyoung\documents\visual studio 2013\projects\itbank_serviceprogram\itbank_serviceprogram\main.c(246): warning C4566: character represented by universal-character-name '\uAC1D' cannot be represented in the current code page (1252)
     1>c:\users\jinyoung\documents\visual studio 2013\projects\itbank_serviceprogram\itbank_serviceprogram\main.c(246): warning C4566: character represented by universal-character-name '\uB2D8' cannot be represented in the current code page (1252)
     1>c:\users\jinyoung\documents\visual studio 2013\projects\itbank_serviceprogram\itbank_serviceprogram\main.c(246): warning C4566: character represented by universal-character-name '\uC758' cannot be represented in the current code page (1252)
     1>c:\users\jinyoung\documents\visual studio 2013\projects\itbank_serviceprogram\itbank_serviceprogram\main.c(246): warning C4566: character represented by universal-character-name '\uC804' cannot be represented in the current code page (1252)
     1>c:\users\jinyoung\documents\visual studio 2013\projects\itbank_serviceprogram\itbank_serviceprogram\main.c(246): warning C4566: character represented by universal-character-name '\uD654' cannot be represented in the current code page (1252)
     1>c:\users\jinyoung\documents\visual studio 2013\projects\itbank_serviceprogram\itbank_serviceprogram\main.c(246): warning C4566: character represented by universal-character-name '\uBC88' cannot be represented in the current code page (1252)
     1>c:\users\jinyoung\documents\visual studio 2013\projects\itbank_serviceprogram\itbank_serviceprogram\main.c(246): warning C4566: character represented by universal-character-name '\uD638' cannot be represented in the current code page (1252)
     1>c:\users\jinyoung\documents\visual studio 2013\projects\itbank_serviceprogram\itbank_serviceprogram\main.c(246): warning C4566: character represented by universal-character-name '\uAC00' cannot be represented in the current code page (1252)
     1>c:\users\jinyoung\documents\visual studio 2013\projects\itbank_serviceprogram\itbank_serviceprogram\main.c(246): warning C4566: character represented by universal-character-name '\uC62C' cannot be represented in the current code page (1252)
     1>c:\users\jinyoung\documents\visual studio 2013\projects\itbank_serviceprogram\itbank_serviceprogram\main.c(246): warning C4566: character represented by universal-character-name '\uBC14' cannot be represented in the current code page (1252)
     1>c:\users\jinyoung\documents\visual studio 2013\projects\itbank_serviceprogram\itbank_serviceprogram\main.c(246): warning C4566: character represented by universal-character-name '\uB974' cannot be represented in the current code page (1252)
     1>c:\users\jinyoung\documents\visual studio 2013\projects\itbank_serviceprogram\itbank_serviceprogram\main.c(246): warning C4566: character represented by universal-character-name '\uC9C0' cannot be represented in the current code page (1252)
     1>c:\users\jinyoung\documents\visual studio 2013\projects\itbank_serviceprogram\itbank_serviceprogram\main.c(246): warning C4566: character represented by universal-character-name '\uC54A' cannot be represented in the current code page (1252)
     1>c:\users\jinyoung\documents\visual studio 2013\projects\itbank_serviceprogram\itbank_serviceprogram\main.c(246): warning C4566: character represented by universal-character-name '\uC2B5' cannot be represented in the current code page (1252)
     1>c:\users\jinyoung\documents\visual studio 2013\projects\itbank_serviceprogram\itbank_serviceprogram\main.c(246): warning C4566: character represented by universal-character-name '\uB2C8' cannot be represented in the current code page (1252)
     1>c:\users\jinyoung\documents\visual studio 2013\projects\itbank_serviceprogram\itbank_serviceprogram\main.c(246): warning C4566: character represented by universal-character-name '\uB2E4' cannot be represented in the current code page (1252)
     1>c:\users\jinyoung\documents\visual studio 2013\projects\itbank_serviceprogram\itbank_serviceprogram\main.c(260): warning C4047: '==' : 'int' differs in levels of indirection from 'void *'
     1>c:\users\jinyoung\documents\visual studio 2013\projects\itbank_serviceprogram\itbank_serviceprogram\main.c(296): warning C4566: character represented by universal-character-name '\uD568' cannot be represented in the current code page (1252)
     1>c:\users\jinyoung\documents\visual studio 2013\projects\itbank_serviceprogram\itbank_serviceprogram\main.c(296): warning C4566: character represented by universal-character-name '\uC218' cannot be represented in the current code page (1252)
     1>c:\users\jinyoung\documents\visual studio 2013\projects\itbank_serviceprogram\itbank_serviceprogram\main.c(296): warning C4566: character represented by universal-character-name '\uC5D0' cannot be represented in the current code page (1252)
     1>c:\users\jinyoung\documents\visual studio 2013\projects\itbank_serviceprogram\itbank_serviceprogram\main.c(296): warning C4566: character represented by universal-character-name '\uC11C' cannot be represented in the current code page (1252)
     1>c:\users\jinyoung\documents\visual studio 2013\projects\itbank_serviceprogram\itbank_serviceprogram\main.c(296): warning C4566: character represented by universal-character-name '\uBA54' cannot be represented in the current code page (1252)
     1>c:\users\jinyoung\documents\visual studio 2013\projects\itbank_serviceprogram\itbank_serviceprogram\main.c(296): warning C4566: character represented by universal-character-name '\uBAA8' cannot be represented in the current code page (1252)
     1>c:\users\jinyoung\documents\visual studio 2013\projects\itbank_serviceprogram\itbank_serviceprogram\main.c(296): warning C4566: character represented by universal-character-name '\uB9AC' cannot be represented in the current code page (1252)
     1>c:\users\jinyoung\documents\visual studio 2013\projects\itbank_serviceprogram\itbank_serviceprogram\main.c(296): warning C4566: character represented by universal-character-name '\uD560' cannot be represented in the current code page (1252)
     1>c:\users\jinyoung\documents\visual studio 2013\projects\itbank_serviceprogram\itbank_serviceprogram\main.c(296): warning C4566: character represented by universal-character-name '\uB2F9' cannot be represented in the current code page (1252)
     1>c:\users\jinyoung\documents\visual studio 2013\projects\itbank_serviceprogram\itbank_serviceprogram\main.c(296): warning C4566: character represented by universal-character-name '\uC2E4' cannot be represented in the current code page (1252)
     1>c:\users\jinyoung\documents\visual studio 2013\projects\itbank_serviceprogram\itbank_serviceprogram\main.c(296): warning C4566: character represented by universal-character-name '\uD328' cannot be represented in the current code page (1252)
       Link:
         C:\Program Files (x86)\Microsoft Visual Studio 12.0\VC\bin\link.exe /ERRORREPORT:PROMPT /OUT:"C:\Users\Jinyoung\Documents\Visual Studio 2013\Projects\ITBank_ServiceProgram\Debug\ITBank_ServiceProgram.exe" /INCREMENTAL /NOLOGO kernel32.lib user32.lib gdi32.lib winspool.lib comdlg32.lib advapi32.lib shell32.lib ole32.lib oleaut32.lib uuid.lib odbc32.lib odbccp32.lib /MANIFEST /MANIFESTUAC:"level='asInvoker' uiAccess='false'" /manifest:embed /DEBUG /PDB:"C:\Users\Jinyoung\Documents\Visual Studio 2013\Projects\ITBank_ServiceProgram\Debug\ITBank_ServiceProgram.pdb" /TLBID:1 /DYNAMICBASE /NXCOMPAT /IMPLIB:"C:\Users\Jinyoung\Documents\Visual Studio 2013\Projects\ITBank_ServiceProgram\Debug\ITBank_ServiceProgram.lib" /MACHINE:X86 Debug\main.obj
         ITBank_ServiceProgram.vcxproj -> C:\Users\Jinyoung\Documents\Visual Studio 2013\Projects\ITBank_ServiceProgram\Debug\ITBank_ServiceProgram.exe
     1>Done Building Project "C:\Users\Jinyoung\Documents\Visual Studio 2013\Projects\ITBank_ServiceProgram\ITBank_ServiceProgram\ITBank_ServiceProgram.vcxproj" (Build target(s)).

Build succeeded.

Time Elapsed 00:00:01.71
